[2015-06-19 10:34:26,595]INFO in project_main.py 31 : __main__ Started.
[2015-06-19 10:34:26,624]INFO in project_main.py 33 : __main__ Closed.
[2015-06-19 10:36:01,388]ERROR in logger.py 53 : No section: 'database'
[2015-06-19 10:36:01,388]ERROR in logger.py 53 : No section: 'database'
[2015-06-19 10:36:01,388]ERROR in logger.py 53 : No section: 'database'
[2015-06-19 10:36:01,391]ERROR in logger.py 53 : No section: 'database'
[2015-06-19 10:36:01,401]INFO in project_main.py 32 : __main__ Started.
[2015-06-19 10:36:01,404]INFO in project_main.py 34 : __main__ Closed.
[2015-06-19 10:39:38,391]ERROR in logger.py 53 : No section: 'database'
[2015-06-19 10:39:38,392]ERROR in logger.py 53 : No section: 'database'
[2015-06-19 10:39:38,394]ERROR in logger.py 53 : No section: 'database'
[2015-06-19 10:39:38,398]ERROR in logger.py 53 : No section: 'database'
[2015-06-19 10:39:38,408]INFO in project_main.py 32 : __main__ Started.
[2015-06-19 10:39:38,413]INFO in project_main.py 34 : __main__ Closed.
[2015-06-19 10:40:37,266]ERROR in logger.py 53 : No section: 'database'
[2015-06-19 10:40:37,267]ERROR in logger.py 53 : No section: 'database'
[2015-06-19 10:40:37,269]ERROR in logger.py 53 : No section: 'database'
[2015-06-19 10:40:37,270]ERROR in logger.py 53 : No section: 'database'
[2015-06-19 10:40:37,279]INFO in project_main.py 32 : __main__ Started.
[2015-06-19 10:40:37,282]INFO in project_main.py 34 : __main__ Closed.
[2015-06-19 10:42:08,733]INFO in project_main.py 32 : __main__ Started.
[2015-06-19 10:42:20,634]INFO in project_main.py 32 : __main__ Started.
[2015-06-19 10:42:20,634]INFO in project_main.py 34 : __main__ Closed.
[2015-06-19 10:42:37,880]INFO in project_main.py 33 : __main__ Started.
[2015-06-19 10:42:37,881]INFO in project_main.py 35 : __main__ Closed.
[2015-06-19 10:44:11,875]INFO in project_main.py 33 : __main__ Started.
[2015-06-19 10:44:11,875]INFO in project_main.py 35 : __main__ Closed.
[2015-06-19 10:44:24,200]INFO in project_main.py 33 : __main__ Started.
[2015-06-19 10:44:24,201]INFO in project_main.py 35 : __main__ Closed.
[2015-06-19 10:44:30,265]INFO in project_main.py 33 : __main__ Started.
[2015-06-19 10:44:30,266]INFO in project_main.py 35 : __main__ Closed.
[2015-06-19 10:44:53,568]INFO in project_main.py 33 : __main__ Started.
[2015-06-19 10:44:53,569]INFO in project_main.py 35 : __main__ Closed.
[2015-06-19 10:45:51,915]INFO in project_main.py 34 : __main__ Started.
[2015-06-19 10:45:51,917]INFO in project_main.py 36 : __main__ Closed.
[2015-06-19 10:46:06,108]INFO in project_main.py 34 : __main__ Started.
[2015-06-19 10:46:06,109]INFO in project_main.py 36 : __main__ Closed.
[2015-06-19 10:46:40,072]INFO in project_main.py 34 : __main__ Started.
[2015-06-19 10:46:40,075]INFO in project_main.py 36 : __main__ Closed.
[2015-06-19 10:47:12,063]INFO in project_main.py 34 : __main__ Started.
[2015-06-19 10:47:12,063]INFO in project_main.py 36 : __main__ Closed.
[2015-06-19 10:47:49,467]INFO in project_main.py 33 : __main__ Started.
[2015-06-19 10:47:49,469]INFO in project_main.py 35 : __main__ Closed.
[2015-06-19 10:49:10,838]INFO in project_main.py 31 : __main__ Started.
[2015-06-19 10:49:10,838]INFO in project_main.py 33 : __main__ Closed.
[2015-06-19 10:49:31,903]INFO in project_main.py 31 : __main__ Started.
[2015-06-19 10:49:31,903]INFO in project_main.py 33 : __main__ Closed.
[2015-06-19 10:49:44,575]INFO in project_main.py 31 : __main__ Started.
[2015-06-19 10:49:44,576]INFO in project_main.py 33 : __main__ Closed.
[2015-06-19 10:50:50,220]INFO in project_main.py 31 : __main__ Started.
[2015-06-19 10:50:50,220]INFO in project_main.py 33 : __main__ Closed.
[2015-06-19 10:50:58,673]INFO in project_main.py 31 : __main__ Started.
[2015-06-19 10:50:58,673]INFO in project_main.py 33 : __main__ Closed.
[2015-06-19 10:51:09,157]INFO in project_main.py 31 : __main__ Started.
[2015-06-19 10:51:09,157]INFO in project_main.py 33 : __main__ Closed.
[2015-06-19 10:52:48,312]INFO in project_main.py 31 : __main__ Started.
[2015-06-19 10:52:48,312]INFO in project_main.py 33 : __main__ Closed.
[2015-06-19 10:55:06,030]INFO in project_main.py 31 : __main__ Started.
[2015-06-19 10:55:06,032]INFO in project_main.py 33 : __main__ Closed.
[2015-06-19 10:59:10,681]INFO in project_main.py project_main.py 31 : __main__ Started.
[2015-06-19 10:59:10,683]INFO in project_main.py project_main.py 33 : __main__ Closed.
[2015-06-19 11:00:00,953]INFO in 20388 project_main.py 31 : __main__ Started.
[2015-06-19 11:00:00,956]INFO in 20388 project_main.py 33 : __main__ Closed.
[2015-06-19 11:00:16,996]INFO in MainThread 17388 project_main.py 31 : __main__ Started.
[2015-06-19 11:00:16,997]INFO in MainThread 17388 project_main.py 33 : __main__ Closed.
[2015-06-19 11:00:43,282]INFO in MainThread 18656 project_main.py 31 : __main__ Started.
[2015-06-19 11:00:43,282]INFO in MainThread 18656 project_main.py 33 : __main__ Closed.
[2015-06-19 11:00:51,834]INFO in MainThread 19020 project_main.py 31 : __main__ Started.
[2015-06-19 11:00:51,835]INFO in MainThread 19020 project_main.py 33 : __main__ Closed.
[2015-06-19 11:01:02,252]INFO in MainThread(19612) project_main.py 31 : __main__ Started.
[2015-06-19 11:01:02,253]INFO in MainThread(19612) project_main.py 33 : __main__ Closed.
[2015-06-19 11:01:26,517]INFO in MainThread(19644) project_main.py:31 : __main__ Started.
[2015-06-19 11:01:26,519]INFO in MainThread(19644) project_main.py:33 : __main__ Closed.
[2015-06-19 11:01:33,046]INFO in MainThread(18428) project_main.py:31  __main__ Started.
[2015-06-19 11:01:33,046]INFO in MainThread(18428) project_main.py:33  __main__ Closed.
[2015-06-19 11:01:57,713]INFO in MainThread(18944) project_main.py:31 1434682917.714000 __main__ Started.
[2015-06-19 11:01:57,716]INFO in MainThread(18944) project_main.py:33 1434682917.716000 __main__ Closed.
[2015-06-19 11:02:21,690]INFO in MainThread(18052) project_main.py start:31  __main__ Started.
[2015-06-19 11:02:21,690]INFO in MainThread(18052) project_main.py start:33  __main__ Closed.
[2015-06-19 11:02:32,934]INFO in MainThread(11476) project_main.py fun:start:31  __main__ Started.
[2015-06-19 11:02:32,936]INFO in MainThread(11476) project_main.py fun:start:33  __main__ Closed.
[2015-06-19 11:02:46,292]INFO in MainThread(20788) project_main.py def start:31  __main__ Started.
[2015-06-19 11:02:46,292]INFO in MainThread(20788) project_main.py def start:33  __main__ Closed.
[2015-06-19 11:03:08,030]INFO in MainThread(21092) project_main.py fun start:31  __main__ Started.
[2015-06-19 11:03:08,032]INFO in MainThread(21092) project_main.py fun start:33  __main__ Closed.
[2015-06-19 11:03:14,934]INFO in MainThread(21396) project_main.py fun-start:31  __main__ Started.
[2015-06-19 11:03:14,936]INFO in MainThread(21396) project_main.py fun-start:33  __main__ Closed.
[2015-06-19 11:03:31,223]INFO in MainThread(21788) project_main.py func-start:31  __main__ Started.
[2015-06-19 11:03:31,224]INFO in MainThread(21788) project_main.py func-start:33  __main__ Closed.
[2015-06-19 11:03:45,286]INFO in MainThread(22132) project_main.py :31 func-start __main__ Started.
[2015-06-19 11:03:45,286]INFO in MainThread(22132) project_main.py :33 func-start __main__ Closed.
[2015-06-19 11:03:59,022]INFO in MainThread(22464) project_main.py: 31 start __main__ Started.
[2015-06-19 11:03:59,023]INFO in MainThread(22464) project_main.py: 33 start __main__ Closed.
[2015-06-19 11:04:10,529]INFO in MainThread(20724) project_main.py: 31 def start(): __main__ Started.
[2015-06-19 11:04:10,530]INFO in MainThread(20724) project_main.py: 33 def start(): __main__ Closed.
[2015-06-19 11:04:26,941]INFO in MainThread(21628) project_main.py: def start():31  __main__ Started.
[2015-06-19 11:04:26,941]INFO in MainThread(21628) project_main.py: def start():33  __main__ Closed.
[2015-06-19 11:04:34,533]INFO in MainThread(21988) project_main.pydef start():31  __main__ Started.
[2015-06-19 11:04:34,535]INFO in MainThread(21988) project_main.pydef start():33  __main__ Closed.
[2015-06-19 11:04:39,009]INFO in MainThread(22368) project_main.py def start():31  __main__ Started.
[2015-06-19 11:04:39,009]INFO in MainThread(22368) project_main.py def start():33  __main__ Closed.
[2015-06-19 11:04:48,312]INFO in MainThread(20728) project_main.py def start(*):31  __main__ Started.
[2015-06-19 11:04:48,312]INFO in MainThread(20728) project_main.py def start(*):33  __main__ Closed.
[2015-06-19 11:05:16,651]INFO in MainThread(21120) project_main.py def start|31  __main__ Started.
[2015-06-19 11:05:16,651]INFO in MainThread(21120) project_main.py def start|33  __main__ Closed.
[2015-06-19 11:05:22,947]INFO in MainThread(21700) project_main.py start|31  __main__ Started.
[2015-06-19 11:05:22,947]INFO in MainThread(21700) project_main.py start|33  __main__ Closed.
[2015-06-19 11:05:50,687]INFO in MainThread(20692) project_main.py:31|start  __main__ Started.
[2015-06-19 11:05:50,687]INFO in MainThread(20692) project_main.py:33|start  __main__ Closed.
[2015-06-19 11:05:55,063]INFO in MainThread(21304) project_main.py:31|start()  __main__ Started.
[2015-06-19 11:05:55,065]INFO in MainThread(21304) project_main.py:33|start()  __main__ Closed.
[2015-06-19 11:06:13,552]INFO in MainThread(21796) project_main.py:start()|31  __main__ Started.
[2015-06-19 11:06:13,552]INFO in MainThread(21796) project_main.py:start()|33  __main__ Closed.
[2015-06-19 11:06:53,459]INFO in MainThread(20504) project_main.py project_main:start()|31  __main__ Started.
[2015-06-19 11:06:53,460]INFO in MainThread(20504) project_main.py project_main:start()|33  __main__ Closed.
[2015-06-19 11:07:36,565]INFO in MainThread(20504) project_main.py project_main:start()|31  __main__ Started.
[2015-06-19 11:07:36,566]INFO in MainThread(20504) d:\zhipeng\work\git\gitlab\data-server-monitor\project\project.py project:start()|16  project run ..
[2015-06-19 11:07:36,569]INFO in MainThread(20504) project_main.py project_main:start()|33  __main__ Closed.
[2015-06-19 11:08:32,793]INFO in MainThread(20016) project_main.py project_main:start()|31  __main__ Started.
[2015-06-19 11:08:32,795]INFO in MainThread(20016) d:\zhipeng\work\git\gitlab\data-server-monitor\project\project.py project:start()|16  project run ..
[2015-06-19 11:08:32,796]INFO in MainThread(20016) project_main.py project_main:start()|33  __main__ Closed.
[2015-06-19 11:08:43,219]INFO in MainThread(22376) project_main project_main.py:start()|31  __main__ Started.
[2015-06-19 11:08:43,220]INFO in MainThread(22376) project project.py:start()|16  project run ..
[2015-06-19 11:08:43,221]INFO in MainThread(22376) project_main project_main.py:start()|33  __main__ Closed.
[2015-06-19 11:08:57,230]INFO in MainThread(20952) project_main.project_main.py:start()|31  __main__ Started.
[2015-06-19 11:08:57,233]INFO in MainThread(20952) project.project.py:start()|16  project run ..
[2015-06-19 11:08:57,233]INFO in MainThread(20952) project_main.project_main.py:start()|33  __main__ Closed.
[2015-06-19 11:09:07,934]INFO in MainThread(21388) project_main/project_main.py:start()|31  __main__ Started.
[2015-06-19 11:09:07,934]INFO in MainThread(21388) project/project.py:start()|16  project run ..
[2015-06-19 11:09:07,936]INFO in MainThread(21388) project_main/project_main.py:start()|33  __main__ Closed.
[2015-06-19 11:09:55,861]INFO in MainThread(21836) project_main.py:start()|31  __main__ Started.
[2015-06-19 11:09:55,861]INFO in MainThread(21836) d:\zhipeng\work\git\gitlab\data-server-monitor\project\project.py:start()|16  project run ..
[2015-06-19 11:09:55,862]INFO in MainThread(21836) project_main.py:start()|33  __main__ Closed.
[2015-06-19 11:10:33,407]INFO in MainThread(20984) project_main/project_main.py:start()|31  __main__ Started.
[2015-06-19 11:10:33,408]INFO in MainThread(20984) project/project.py:start()|16  project run ..
[2015-06-19 11:10:33,411]INFO in MainThread(20984) project_main/project_main.py:start()|33  __main__ Closed.
[2015-06-19 11:12:31,230]INFO in MainThread(3652) project_main/project_main.py:start()|31  __main__ Started.
[2015-06-19 11:12:31,230]INFO in MainThread(3652) project/project.py:start()|16  project run ..
[2015-06-19 11:12:31,233]INFO in MainThread(3652) project_main/project_main.py:start()|33  __main__ Closed.
